Analysis & Synthesis report for Complete_Adder
Mon Sep 29 11:48:36 2014
Quartus II 64-Bit Version 14.0.0 Build 200 06/17/2014 SJ Web Edition


---------------------
; Table of Contents ;
---------------------
  1. Legal Notice
  2. Analysis & Synthesis Summary
  3. Analysis & Synthesis Settings
  4. Parallel Compilation
  5. Analysis & Synthesis Source Files Read
  6. Analysis & Synthesis Resource Usage Summary
  7. Analysis & Synthesis Resource Utilization by Entity
  8. General Register Statistics
  9. Port Connectivity Checks: "carry_ripple_adder:cra|adder4:A41"
 10. Post-Synthesis Netlist Statistics for Top Partition
 11. Elapsed Time Per Partition
 12. Analysis & Synthesis Messages
 13. Analysis & Synthesis Suppressed Messages



----------------
; Legal Notice ;
----------------
Copyright (C) 1991-2014 Altera Corporation. All rights reserved.
Your use of Altera Corporation's design tools, logic functions 
and other software and tools, and its AMPP partner logic 
functions, and any output files from any of the foregoing 
(including device programming or simulation files), and any 
associated documentation or information are expressly subject 
to the terms and conditions of the Altera Program License 
Subscription Agreement, the Altera Quartus II License Agreement,
the Altera MegaCore Function License Agreement, or other 
applicable license agreement, including, without limitation, 
that your use is for the sole purpose of programming logic 
devices manufactured by Altera and sold by Altera or its 
authorized distributors.  Please refer to the applicable 
agreement for further details.



+---------------------------------------------------------------------------------+
; Analysis & Synthesis Summary                                                    ;
+------------------------------------+--------------------------------------------+
; Analysis & Synthesis Status        ; Successful - Mon Sep 29 11:48:36 2014      ;
; Quartus II 64-Bit Version          ; 14.0.0 Build 200 06/17/2014 SJ Web Edition ;
; Revision Name                      ; Complete_Adder                             ;
; Top-level Entity Name              ; Complete_Adder                             ;
; Family                             ; Cyclone IV E                               ;
; Total logic elements               ; 109                                        ;
;     Total combinational functions  ; 109                                        ;
;     Dedicated logic registers      ; 16                                         ;
; Total registers                    ; 16                                         ;
; Total pins                         ; 49                                         ;
; Total virtual pins                 ; 0                                          ;
; Total memory bits                  ; 0                                          ;
; Embedded Multiplier 9-bit elements ; 0                                          ;
; Total PLLs                         ; 0                                          ;
+------------------------------------+--------------------------------------------+


+----------------------------------------------------------------------------------------------------------------------+
; Analysis & Synthesis Settings                                                                                        ;
+----------------------------------------------------------------------------+--------------------+--------------------+
; Option                                                                     ; Setting            ; Default Value      ;
+----------------------------------------------------------------------------+--------------------+--------------------+
; Device                                                                     ; EP4CE115F29C7      ;                    ;
; Top-level entity name                                                      ; Complete_Adder     ; Complete_Adder     ;
; Family name                                                                ; Cyclone IV E       ; Cyclone IV GX      ;
; Use smart compilation                                                      ; Off                ; Off                ;
; Enable parallel Assembler and TimeQuest Timing Analyzer during compilation ; On                 ; On                 ;
; Enable compact report table                                                ; Off                ; Off                ;
; Restructure Multiplexers                                                   ; Auto               ; Auto               ;
; Create Debugging Nodes for IP Cores                                        ; Off                ; Off                ;
; Preserve fewer node names                                                  ; On                 ; On                 ;
; Disable OpenCore Plus hardware evaluation                                  ; Off                ; Off                ;
; Verilog Version                                                            ; Verilog_2001       ; Verilog_2001       ;
; VHDL Version                                                               ; VHDL_1993          ; VHDL_1993          ;
; State Machine Processing                                                   ; Auto               ; Auto               ;
; Safe State Machine                                                         ; Off                ; Off                ;
; Extract Verilog State Machines                                             ; On                 ; On                 ;
; Extract VHDL State Machines                                                ; On                 ; On                 ;
; Ignore Verilog initial constructs                                          ; Off                ; Off                ;
; Iteration limit for constant Verilog loops                                 ; 5000               ; 5000               ;
; Iteration limit for non-constant Verilog loops                             ; 250                ; 250                ;
; Add Pass-Through Logic to Inferred RAMs                                    ; On                 ; On                 ;
; Infer RAMs from Raw Logic                                                  ; On                 ; On                 ;
; Parallel Synthesis                                                         ; On                 ; On                 ;
; DSP Block Balancing                                                        ; Auto               ; Auto               ;
; NOT Gate Push-Back                                                         ; On                 ; On                 ;
; Power-Up Don't Care                                                        ; On                 ; On                 ;
; Remove Redundant Logic Cells                                               ; Off                ; Off                ;
; Remove Duplicate Registers                                                 ; On                 ; On                 ;
; Ignore CARRY Buffers                                                       ; Off                ; Off                ;
; Ignore CASCADE Buffers                                                     ; Off                ; Off                ;
; Ignore GLOBAL Buffers                                                      ; Off                ; Off                ;
; Ignore ROW GLOBAL Buffers                                                  ; Off                ; Off                ;
; Ignore LCELL Buffers                                                       ; Off                ; Off                ;
; Ignore SOFT Buffers                                                        ; On                 ; On                 ;
; Limit AHDL Integers to 32 Bits                                             ; Off                ; Off                ;
; Optimization Technique                                                     ; Balanced           ; Balanced           ;
; Carry Chain Length                                                         ; 70                 ; 70                 ;
; Auto Carry Chains                                                          ; On                 ; On                 ;
; Auto Open-Drain Pins                                                       ; On                 ; On                 ;
; Perform WYSIWYG Primitive Resynthesis                                      ; Off                ; Off                ;
; Auto ROM Replacement                                                       ; On                 ; On                 ;
; Auto RAM Replacement                                                       ; On                 ; On                 ;
; Auto DSP Block Replacement                                                 ; On                 ; On                 ;
; Auto Shift Register Replacement                                            ; Auto               ; Auto               ;
; Allow Shift Register Merging across Hierarchies                            ; Auto               ; Auto               ;
; Auto Clock Enable Replacement                                              ; On                 ; On                 ;
; Strict RAM Replacement                                                     ; Off                ; Off                ;
; Allow Synchronous Control Signals                                          ; On                 ; On                 ;
; Force Use of Synchronous Clear Signals                                     ; Off                ; Off                ;
; Auto RAM Block Balancing                                                   ; On                 ; On                 ;
; Auto RAM to Logic Cell Conversion                                          ; Off                ; Off                ;
; Auto Resource Sharing                                                      ; Off                ; Off                ;
; Allow Any RAM Size For Recognition                                         ; Off                ; Off                ;
; Allow Any ROM Size For Recognition                                         ; Off                ; Off                ;
; Allow Any Shift Register Size For Recognition                              ; Off                ; Off                ;
; Use LogicLock Constraints during Resource Balancing                        ; On                 ; On                 ;
; Ignore translate_off and synthesis_off directives                          ; Off                ; Off                ;
; Timing-Driven Synthesis                                                    ; On                 ; On                 ;
; Report Parameter Settings                                                  ; On                 ; On                 ;
; Report Source Assignments                                                  ; On                 ; On                 ;
; Report Connectivity Checks                                                 ; On                 ; On                 ;
; Ignore Maximum Fan-Out Assignments                                         ; Off                ; Off                ;
; Synchronization Register Chain Length                                      ; 2                  ; 2                  ;
; PowerPlay Power Optimization                                               ; Normal compilation ; Normal compilation ;
; HDL message level                                                          ; Level2             ; Level2             ;
; Suppress Register Optimization Related Messages                            ; Off                ; Off                ;
; Number of Removed Registers Reported in Synthesis Report                   ; 5000               ; 5000               ;
; Number of Swept Nodes Reported in Synthesis Report                         ; 5000               ; 5000               ;
; Number of Inverted Registers Reported in Synthesis Report                  ; 100                ; 100                ;
; Clock MUX Protection                                                       ; On                 ; On                 ;
; Auto Gated Clock Conversion                                                ; Off                ; Off                ;
; Block Design Naming                                                        ; Auto               ; Auto               ;
; SDC constraint protection                                                  ; Off                ; Off                ;
; Synthesis Effort                                                           ; Auto               ; Auto               ;
; Shift Register Replacement - Allow Asynchronous Clear Signal               ; On                 ; On                 ;
; Pre-Mapping Resynthesis Optimization                                       ; Off                ; Off                ;
; Analysis & Synthesis Message Level                                         ; Medium             ; Medium             ;
; Disable Register Merging Across Hierarchies                                ; Auto               ; Auto               ;
; Resource Aware Inference For Block RAM                                     ; On                 ; On                 ;
; Synthesis Seed                                                             ; 1                  ; 1                  ;
+----------------------------------------------------------------------------+--------------------+--------------------+


Parallel compilation was disabled, but you have multiple processors available. Enable parallel compilation to reduce compilation time.
+-------------------------------------+
; Parallel Compilation                ;
+----------------------------+--------+
; Processors                 ; Number ;
+----------------------------+--------+
; Number detected on machine ; 8      ;
; Maximum allowed            ; 1      ;
+----------------------------+--------+


+--------------------------------------------------------------------------------------------------------------------------------+
; Analysis & Synthesis Source Files Read                                                                                         ;
+----------------------------------+-----------------+------------------------------+----------------------------------+---------+
; File Name with User-Entered Path ; Used in Netlist ; File Type                    ; File Name with Absolute Path     ; Library ;
+----------------------------------+-----------------+------------------------------+----------------------------------+---------+
; Complete_Adder.sv                ; yes             ; User SystemVerilog HDL File  ; C:/ece385/lab5/Complete_Adder.sv ;         ;
+----------------------------------+-----------------+------------------------------+----------------------------------+---------+


+-------------------------------------------------------------+
; Analysis & Synthesis Resource Usage Summary                 ;
+---------------------------------------------+---------------+
; Resource                                    ; Usage         ;
+---------------------------------------------+---------------+
; Estimated Total logic elements              ; 109           ;
;                                             ;               ;
; Total combinational functions               ; 109           ;
; Logic element usage by number of LUT inputs ;               ;
;     -- 4 input functions                    ; 65            ;
;     -- 3 input functions                    ; 26            ;
;     -- <=2 input functions                  ; 18            ;
;                                             ;               ;
; Logic elements by mode                      ;               ;
;     -- normal mode                          ; 109           ;
;     -- arithmetic mode                      ; 0             ;
;                                             ;               ;
; Total registers                             ; 16            ;
;     -- Dedicated logic registers            ; 16            ;
;     -- I/O registers                        ; 0             ;
;                                             ;               ;
; I/O pins                                    ; 49            ;
; Embedded Multiplier 9-bit elements          ; 0             ;
; Maximum fan-out node                        ; Reset_L~input ;
; Maximum fan-out                             ; 34            ;
; Total fan-out                               ; 500           ;
; Average fan-out                             ; 2.24          ;
+---------------------------------------------+---------------+


+---------------------------------------------------------------------------------------------------------------------------------------------------------------------------------------------------------------------------+
; Analysis & Synthesis Resource Utilization by Entity                                                                                                                                                                       ;
+-----------------------------+-------------------+--------------+-------------+--------------+---------+-----------+------+--------------+------------------------------------------------------------------+--------------+
; Compilation Hierarchy Node  ; LC Combinationals ; LC Registers ; Memory Bits ; DSP Elements ; DSP 9x9 ; DSP 18x18 ; Pins ; Virtual Pins ; Full Hierarchy Name                                              ; Library Name ;
+-----------------------------+-------------------+--------------+-------------+--------------+---------+-----------+------+--------------+------------------------------------------------------------------+--------------+
; |Complete_Adder             ; 109 (0)           ; 16 (0)       ; 0           ; 0            ; 0       ; 0         ; 49   ; 0            ; |Complete_Adder                                                  ; work         ;
;    |HexDriver:Hex0|         ; 7 (7)             ; 0 (0)        ; 0           ; 0            ; 0       ; 0         ; 0    ; 0            ; |Complete_Adder|HexDriver:Hex0                                   ; work         ;
;    |HexDriver:Hex1|         ; 7 (7)             ; 0 (0)        ; 0           ; 0            ; 0       ; 0         ; 0    ; 0            ; |Complete_Adder|HexDriver:Hex1                                   ; work         ;
;    |HexDriver:Hex2|         ; 7 (7)             ; 0 (0)        ; 0           ; 0            ; 0       ; 0         ; 0    ; 0            ; |Complete_Adder|HexDriver:Hex2                                   ; work         ;
;    |HexDriver:Hex3|         ; 7 (7)             ; 0 (0)        ; 0           ; 0            ; 0       ; 0         ; 0    ; 0            ; |Complete_Adder|HexDriver:Hex3                                   ; work         ;
;    |carry_ripple_adder:cra| ; 15 (0)            ; 0 (0)        ; 0           ; 0            ; 0       ; 0         ; 0    ; 0            ; |Complete_Adder|carry_ripple_adder:cra                           ; work         ;
;       |adder4:A41|          ; 1 (0)             ; 0 (0)        ; 0           ; 0            ; 0       ; 0         ; 0    ; 0            ; |Complete_Adder|carry_ripple_adder:cra|adder4:A41                ; work         ;
;          |full_adder:FA1|   ; 1 (1)             ; 0 (0)        ; 0           ; 0            ; 0       ; 0         ; 0    ; 0            ; |Complete_Adder|carry_ripple_adder:cra|adder4:A41|full_adder:FA1 ; work         ;
;       |adder4:A42|          ; 6 (0)             ; 0 (0)        ; 0           ; 0            ; 0       ; 0         ; 0    ; 0            ; |Complete_Adder|carry_ripple_adder:cra|adder4:A42                ; work         ;
;          |full_adder:FA0|   ; 3 (3)             ; 0 (0)        ; 0           ; 0            ; 0       ; 0         ; 0    ; 0            ; |Complete_Adder|carry_ripple_adder:cra|adder4:A42|full_adder:FA0 ; work         ;
;          |full_adder:FA1|   ; 1 (1)             ; 0 (0)        ; 0           ; 0            ; 0       ; 0         ; 0    ; 0            ; |Complete_Adder|carry_ripple_adder:cra|adder4:A42|full_adder:FA1 ; work         ;
;          |full_adder:FA2|   ; 1 (1)             ; 0 (0)        ; 0           ; 0            ; 0       ; 0         ; 0    ; 0            ; |Complete_Adder|carry_ripple_adder:cra|adder4:A42|full_adder:FA2 ; work         ;
;          |full_adder:FA3|   ; 1 (1)             ; 0 (0)        ; 0           ; 0            ; 0       ; 0         ; 0    ; 0            ; |Complete_Adder|carry_ripple_adder:cra|adder4:A42|full_adder:FA3 ; work         ;
;       |adder4:A43|          ; 4 (0)             ; 0 (0)        ; 0           ; 0            ; 0       ; 0         ; 0    ; 0            ; |Complete_Adder|carry_ripple_adder:cra|adder4:A43                ; work         ;
;          |full_adder:FA0|   ; 1 (1)             ; 0 (0)        ; 0           ; 0            ; 0       ; 0         ; 0    ; 0            ; |Complete_Adder|carry_ripple_adder:cra|adder4:A43|full_adder:FA0 ; work         ;
;          |full_adder:FA1|   ; 1 (1)             ; 0 (0)        ; 0           ; 0            ; 0       ; 0         ; 0    ; 0            ; |Complete_Adder|carry_ripple_adder:cra|adder4:A43|full_adder:FA1 ; work         ;
;          |full_adder:FA2|   ; 1 (1)             ; 0 (0)        ; 0           ; 0            ; 0       ; 0         ; 0    ; 0            ; |Complete_Adder|carry_ripple_adder:cra|adder4:A43|full_adder:FA2 ; work         ;
;          |full_adder:FA3|   ; 1 (1)             ; 0 (0)        ; 0           ; 0            ; 0       ; 0         ; 0    ; 0            ; |Complete_Adder|carry_ripple_adder:cra|adder4:A43|full_adder:FA3 ; work         ;
;       |adder4:A44|          ; 4 (0)             ; 0 (0)        ; 0           ; 0            ; 0       ; 0         ; 0    ; 0            ; |Complete_Adder|carry_ripple_adder:cra|adder4:A44                ; work         ;
;          |full_adder:FA0|   ; 1 (1)             ; 0 (0)        ; 0           ; 0            ; 0       ; 0         ; 0    ; 0            ; |Complete_Adder|carry_ripple_adder:cra|adder4:A44|full_adder:FA0 ; work         ;
;          |full_adder:FA1|   ; 1 (1)             ; 0 (0)        ; 0           ; 0            ; 0       ; 0         ; 0    ; 0            ; |Complete_Adder|carry_ripple_adder:cra|adder4:A44|full_adder:FA1 ; work         ;
;          |full_adder:FA2|   ; 1 (1)             ; 0 (0)        ; 0           ; 0            ; 0       ; 0         ; 0    ; 0            ; |Complete_Adder|carry_ripple_adder:cra|adder4:A44|full_adder:FA2 ; work         ;
;          |full_adder:FA3|   ; 1 (1)             ; 0 (0)        ; 0           ; 0            ; 0       ; 0         ; 0    ; 0            ; |Complete_Adder|carry_ripple_adder:cra|adder4:A44|full_adder:FA3 ; work         ;
;    |register_unit:reg_unit| ; 66 (66)           ; 16 (16)      ; 0           ; 0            ; 0       ; 0         ; 0    ; 0            ; |Complete_Adder|register_unit:reg_unit                           ; work         ;
+-----------------------------+-------------------+--------------+-------------+--------------+---------+-----------+------+--------------+------------------------------------------------------------------+--------------+
Note: For table entries with two numbers listed, the numbers in parentheses indicate the number of resources of the given type used by the specific entity alone. The numbers listed outside of parentheses indicate the total resources of the given type used by the specific entity and all of its sub-entities in the hierarchy.


+------------------------------------------------------+
; General Register Statistics                          ;
+----------------------------------------------+-------+
; Statistic                                    ; Value ;
+----------------------------------------------+-------+
; Total registers                              ; 16    ;
; Number of registers using Synchronous Clear  ; 0     ;
; Number of registers using Synchronous Load   ; 0     ;
; Number of registers using Asynchronous Clear ; 16    ;
; Number of registers using Asynchronous Load  ; 0     ;
; Number of registers using Clock Enable       ; 0     ;
; Number of registers using Preset             ; 0     ;
+----------------------------------------------+-------+


+------------------------------------------------------------------------------------------------------------------------------------------------------------------------------------------------------------------+
; Port Connectivity Checks: "carry_ripple_adder:cra|adder4:A41"                                                                                                                                                    ;
+----------+-------+----------+------------------------------------------------------------------------------------------------------------------------------------------------------------------------------------+
; Port     ; Type  ; Severity ; Details                                                                                                                                                                            ;
+----------+-------+----------+------------------------------------------------------------------------------------------------------------------------------------------------------------------------------------+
; c_in     ; Input ; Warning  ; Input port expression (32 bits) is wider than the input port (1 bits) it drives.  The 31 most-significant bit(s) in the expression will be dangling if they have no other fanouts. ;
; c_in[-1] ; Input ; Info     ; Stuck at GND                                                                                                                                                                       ;
+----------+-------+----------+------------------------------------------------------------------------------------------------------------------------------------------------------------------------------------+


+-----------------------------------------------------+
; Post-Synthesis Netlist Statistics for Top Partition ;
+-----------------------+-----------------------------+
; Type                  ; Count                       ;
+-----------------------+-----------------------------+
; boundary_port         ; 49                          ;
; cycloneiii_ff         ; 16                          ;
;     CLR               ; 16                          ;
; cycloneiii_lcell_comb ; 113                         ;
;     normal            ; 113                         ;
;         1 data inputs ; 4                           ;
;         2 data inputs ; 18                          ;
;         3 data inputs ; 26                          ;
;         4 data inputs ; 65                          ;
;                       ;                             ;
; Max LUT depth         ; 15.00                       ;
; Average LUT depth     ; 7.65                        ;
+-----------------------+-----------------------------+


+-------------------------------+
; Elapsed Time Per Partition    ;
+----------------+--------------+
; Partition Name ; Elapsed Time ;
+----------------+--------------+
; Top            ; 00:00:02     ;
+----------------+--------------+


+-------------------------------+
; Analysis & Synthesis Messages ;
+-------------------------------+
Info: *******************************************************************
Info: Running Quartus II 64-Bit Analysis & Synthesis
    Info: Version 14.0.0 Build 200 06/17/2014 SJ Web Edition
    Info: Processing started: Mon Sep 29 11:48:32 2014
Info: Command: quartus_map --read_settings_files=on --write_settings_files=off lab5 -c Complete_Adder
Warning (20028): Parallel compilation is not licensed and has been disabled
Info (12021): Found 11 design units, including 11 entities, in source file complete_adder.sv
    Info (12023): Found entity 1: Complete_Adder
    Info (12023): Found entity 2: carry_ripple_adder
    Info (12023): Found entity 3: two_one_mux
    Info (12023): Found entity 4: carry_select_adder
    Info (12023): Found entity 5: register_unit
    Info (12023): Found entity 6: full_adder
    Info (12023): Found entity 7: half_adder
    Info (12023): Found entity 8: cla_adder4
    Info (12023): Found entity 9: carry_lookahead_adder
    Info (12023): Found entity 10: adder4
    Info (12023): Found entity 11: HexDriver
Warning (12019): Can't analyze file -- file Complete_Adder.v is missing
Info (12127): Elaborating entity "Complete_Adder" for the top level hierarchy
Info (12128): Elaborating entity "register_unit" for hierarchy "register_unit:reg_unit"
Info (12128): Elaborating entity "carry_ripple_adder" for hierarchy "carry_ripple_adder:cra"
Info (12128): Elaborating entity "adder4" for hierarchy "carry_ripple_adder:cra|adder4:A41"
Info (12128): Elaborating entity "full_adder" for hierarchy "carry_ripple_adder:cra|adder4:A41|full_adder:FA0"
Info (12128): Elaborating entity "HexDriver" for hierarchy "HexDriver:Hex0"
Warning (12241): 1 hierarchies have connectivity warnings - see the Connectivity Checks report folder
Warning (13004): Presettable and clearable registers converted to equivalent circuits with latches. Registers power-up to an undefined state, and DEVCLRn places the registers in an undefined state.
    Warning (13310): Register "register_unit:reg_unit|R[15]" is converted into an equivalent circuit using register "register_unit:reg_unit|R[15]~_emulated" and latch "register_unit:reg_unit|R[15]~1"
    Warning (13310): Register "register_unit:reg_unit|R[14]" is converted into an equivalent circuit using register "register_unit:reg_unit|R[14]~_emulated" and latch "register_unit:reg_unit|R[14]~6"
    Warning (13310): Register "register_unit:reg_unit|R[13]" is converted into an equivalent circuit using register "register_unit:reg_unit|R[13]~_emulated" and latch "register_unit:reg_unit|R[13]~11"
    Warning (13310): Register "register_unit:reg_unit|R[12]" is converted into an equivalent circuit using register "register_unit:reg_unit|R[12]~_emulated" and latch "register_unit:reg_unit|R[12]~16"
    Warning (13310): Register "register_unit:reg_unit|R[11]" is converted into an equivalent circuit using register "register_unit:reg_unit|R[11]~_emulated" and latch "register_unit:reg_unit|R[11]~21"
    Warning (13310): Register "register_unit:reg_unit|R[10]" is converted into an equivalent circuit using register "register_unit:reg_unit|R[10]~_emulated" and latch "register_unit:reg_unit|R[10]~26"
    Warning (13310): Register "register_unit:reg_unit|R[9]" is converted into an equivalent circuit using register "register_unit:reg_unit|R[9]~_emulated" and latch "register_unit:reg_unit|R[9]~31"
    Warning (13310): Register "register_unit:reg_unit|R[8]" is converted into an equivalent circuit using register "register_unit:reg_unit|R[8]~_emulated" and latch "register_unit:reg_unit|R[8]~36"
    Warning (13310): Register "register_unit:reg_unit|R[7]" is converted into an equivalent circuit using register "register_unit:reg_unit|R[7]~_emulated" and latch "register_unit:reg_unit|R[7]~41"
    Warning (13310): Register "register_unit:reg_unit|R[6]" is converted into an equivalent circuit using register "register_unit:reg_unit|R[6]~_emulated" and latch "register_unit:reg_unit|R[6]~46"
    Warning (13310): Register "register_unit:reg_unit|R[5]" is converted into an equivalent circuit using register "register_unit:reg_unit|R[5]~_emulated" and latch "register_unit:reg_unit|R[5]~51"
    Warning (13310): Register "register_unit:reg_unit|R[4]" is converted into an equivalent circuit using register "register_unit:reg_unit|R[4]~_emulated" and latch "register_unit:reg_unit|R[4]~56"
    Warning (13310): Register "register_unit:reg_unit|R[3]" is converted into an equivalent circuit using register "register_unit:reg_unit|R[3]~_emulated" and latch "register_unit:reg_unit|R[3]~61"
    Warning (13310): Register "register_unit:reg_unit|R[2]" is converted into an equivalent circuit using register "register_unit:reg_unit|R[2]~_emulated" and latch "register_unit:reg_unit|R[2]~66"
    Warning (13310): Register "register_unit:reg_unit|R[0]" is converted into an equivalent circuit using register "register_unit:reg_unit|R[0]~_emulated" and latch "register_unit:reg_unit|R[0]~71"
    Warning (13310): Register "register_unit:reg_unit|R[1]" is converted into an equivalent circuit using register "register_unit:reg_unit|R[1]~_emulated" and latch "register_unit:reg_unit|R[1]~76"
Info (286030): Timing-Driven Synthesis is running
Info (144001): Generated suppressed messages file C:/ece385/lab5/output_files/Complete_Adder.map.smsg
Info (16010): Generating hard_block partition "hard_block:auto_generated_inst"
    Info (16011): Adding 0 node(s), including 0 DDIO, 0 PLL, 0 transceiver and 0 LCELL
Warning (21074): Design contains 1 input pin(s) that do not drive logic
    Warning (15610): No output dependent on input pin "Clk"
Info (21057): Implemented 158 device resources after synthesis - the final resource count might be different
    Info (21058): Implemented 20 input pins
    Info (21059): Implemented 29 output pins
    Info (21061): Implemented 109 logic cells
Info: Quartus II 64-Bit Analysis & Synthesis was successful. 0 errors, 22 warnings
    Info: Peak virtual memory: 538 megabytes
    Info: Processing ended: Mon Sep 29 11:48:36 2014
    Info: Elapsed time: 00:00:04
    Info: Total CPU time (on all processors): 00:00:05


+------------------------------------------+
; Analysis & Synthesis Suppressed Messages ;
+------------------------------------------+
The suppressed messages can be found in C:/ece385/lab5/output_files/Complete_Adder.map.smsg.


